[debug] [2024-01-15T16:53:08.538Z] ----------------------------------------------------------------------
[debug] [2024-01-15T16:53:08.540Z] Command:       C:\Program Files\nodejs\node.exe C:\Users\SUBOMMAS\AppData\Roaming\npm\node_modules\firebase-tools\lib\bin\firebase.js init
[debug] [2024-01-15T16:53:08.541Z] CLI Version:   13.0.3
[debug] [2024-01-15T16:53:08.541Z] Platform:      win32
[debug] [2024-01-15T16:53:08.541Z] Node Version:  v18.16.0
[debug] [2024-01-15T16:53:08.543Z] Time:          Mon Jan 15 2024 22:23:08 GMT+0530 (India Standard Time)
[debug] [2024-01-15T16:53:08.543Z] ----------------------------------------------------------------------
[debug] 
[debug] [2024-01-15T16:53:08.615Z] > command requires scopes: ["email","openid","https://www.googleapis.com/auth/cloudplatformprojects.readonly","https://www.googleapis.com/auth/firebase","https://www.googleapis.com/auth/cloud-platform"]
[debug] [2024-01-15T16:53:08.616Z] > authorizing via signed-in user (sunriser7995@gmail.com)
[info] 
     ######## #### ########  ######## ########     ###     ######  ########
     ##        ##  ##     ## ##       ##     ##  ##   ##  ##       ##
     ######    ##  ########  ######   ########  #########  ######  ######
     ##        ##  ##    ##  ##       ##     ## ##     ##       ## ##
     ##       #### ##     ## ######## ########  ##     ##  ######  ########

You're about to initialize a Firebase project in this directory:

  C:\Users\SUBOMMAS\React_Projects\QTrip

Before we get started, keep in mind:

  * You are initializing within an existing Firebase project directory

